<?xml version="1.0" encoding="utf-8" standalone="no"?>
<!--This file represents the results of running a test suite-->
<test-results name="..\cloudb-nunit\bin\Debug\cloudb-nunit.dll" total="8" errors="0" failures="0" not-run="0" inconclusive="0" ignored="0" skipped="0" invalid="0" date="2010-09-13" time="21:16:27">
  <environment nunit-version="2.5.5.10112" clr-version="2.0.50727.4952" os-version="Microsoft Windows NT 6.1.7600.0" platform="Win32NT" cwd="G:\projects\temp\cloudb\trunk\apps" machine-name="DEVEEL1" user="antonello" user-domain="Deveel1" />
  <culture-info current-culture="it-IT" current-uiculture="it-IT" />
  <test-suite type="Assembly" name="..\cloudb-nunit\bin\Debug\cloudb-nunit.dll" executed="True" result="Success" success="True" time="0.367" asserts="0">
    <results>
      <test-suite type="Namespace" name="Deveel" executed="True" result="Success" success="True" time="0.363" asserts="0">
        <results>
          <test-suite type="Namespace" name="Data" executed="True" result="Success" success="True" time="0.360" asserts="0">
            <results>
              <test-suite type="Namespace" name="Net" executed="True" result="Success" success="True" time="0.357" asserts="0">
                <results>
                  <test-suite type="TestFixture" name="FakeNetworkTest" executed="True" result="Success" success="True" time="0.354" asserts="0">
                    <results>
                      <test-case name="Deveel.Data.Net.FakeNetworkTest.StartAndStopAllServices" executed="True" result="Success" success="True" time="0.291" asserts="0" />
                      <test-case name="Deveel.Data.Net.FakeNetworkTest.StartAndStopBlock" executed="True" result="Success" success="True" time="0.028" asserts="2" />
                      <test-case name="Deveel.Data.Net.FakeNetworkTest.StartAndStopManager" executed="True" result="Success" success="True" time="0.012" asserts="10" />
                      <test-case name="Deveel.Data.Net.FakeNetworkTest.StartAndStopRoot" executed="True" result="Success" success="True" time="0.002" asserts="6" />
                      <test-case name="Deveel.Data.Net.FakeNetworkTest.Test1_StartAllServices" executed="True" result="Success" success="True" time="0.003" asserts="9" />
                      <test-case name="Deveel.Data.Net.FakeNetworkTest.Test1_StartBlock" executed="True" result="Success" success="True" time="0.000" asserts="2" />
                      <test-case name="Deveel.Data.Net.FakeNetworkTest.Test1_StartManager" executed="True" result="Success" success="True" time="0.001" asserts="6" />
                      <test-case name="Deveel.Data.Net.FakeNetworkTest.Test1_StartRoot" executed="True" result="Success" success="True" time="0.000" asserts="2" />
                    </results>
                  </test-suite>
                </results>
              </test-suite>
            </results>
          </test-suite>
        </results>
      </test-suite>
    </results>
  </test-suite>
</test-results>